Arguments: 
  /usr/local/bin/node /Users/magali/.yarn/bin/yarn.js add bootstrap:4

PATH: 
  /opt/homebrew/opt/php@7.3/bin:/opt/homebrew/opt/php@7.3/sbin/usr/local/bin:/usr/local/sbin:/opt/homebrew/bin:/Users/magali/.yarn/bin:/usr/local/bin:/usr/bin:/bin:/usr/sbin:/sbin

Yarn version: 
  1.22.5

Node version: 
  14.17.0

Platform: 
  darwin x64

Trace: 
  Error: bootstrap:4: Invalid protocol: bootstrap:
      at Request.module.exports.Request.init (/Users/magali/.yarn/lib/cli.js:141018:31)
      at new Request (/Users/magali/.yarn/lib/cli.js:140691:8)
      at request (/Users/magali/.yarn/lib/cli.js:137597:10)
      at RequestManager.execute (/Users/magali/.yarn/lib/cli.js:67040:15)
      at RequestManager.shiftQueue (/Users/magali/.yarn/lib/cli.js:67078:10)
      at /Users/magali/.yarn/lib/cli.js:66747:13
      at new Promise (<anonymous>)
      at new F (/Users/magali/.yarn/lib/cli.js:5301:28)
      at RequestManager.request (/Users/magali/.yarn/lib/cli.js:66745:19)
      at NpmRegistry.<anonymous> (/Users/magali/.yarn/lib/cli.js:31704:42)

npm manifest: 
  {
    "name": "les-films-de-plein-air",
    "version": "1.0.0",
    "main": "index.js",
    "license": "MIT",
    "scripts": {
      "watch": "sass --watch ./assets/styles/main.scss:./public/css/style.css",
      "prod": "sass ./assets/styles/main.scss:./public/css/style.css --style compressed",
      "prefix": "postcss ./public/css/style.css --use autoprefixer -d ./public/css/prefixed/"
    }
  }

yarn manifest: 
  No manifest

Lockfile: 
  No lockfile
